c:\users\josh\source\repos\cpugiantrotorcpu wrong\giant\x64\release\vc143.pdb
c:\users\josh\source\repos\cpugiantrotorcpu wrong\giant\x64\release\timer.obj
c:\users\josh\source\repos\cpugiantrotorcpu wrong\giant\x64\release\secp256k1.obj
c:\users\josh\source\repos\cpugiantrotorcpu wrong\giant\x64\release\main.obj
c:\users\josh\source\repos\cpugiantrotorcpu wrong\giant\x64\release\rotor.obj
c:\users\josh\source\repos\cpugiantrotorcpu wrong\giant\x64\release\point.obj
c:\users\josh\source\repos\cpugiantrotorcpu wrong\giant\x64\release\intmod.obj
c:\users\josh\source\repos\cpugiantrotorcpu wrong\giant\x64\release\intgroup.obj
c:\users\josh\source\repos\cpugiantrotorcpu wrong\giant\x64\release\int.obj
c:\users\josh\source\repos\cpugiantrotorcpu wrong\giant\x64\release\gmputil.obj
c:\users\josh\source\repos\cpugiantrotorcpu wrong\giant\x64\release\cmdparse.obj
c:\users\josh\source\repos\cpugiantrotorcpu wrong\x64\release\giant.exe
c:\users\josh\source\repos\cpugiantrotorcpu wrong\x64\release\giant.pdb
c:\users\josh\source\repos\cpugiantrotorcpu wrong\giant\x64\release\giant.ipdb
c:\users\josh\source\repos\cpugiantrotorcpu wrong\giant\x64\release\giant.iobj
c:\users\josh\source\repos\cpugiantrotorcpu wrong\giant\x64\release\giant.tlog\cl.command.1.tlog
c:\users\josh\source\repos\cpugiantrotorcpu wrong\giant\x64\release\giant.tlog\cl.items.tlog
c:\users\josh\source\repos\cpugiantrotorcpu wrong\giant\x64\release\giant.tlog\cl.read.1.tlog
c:\users\josh\source\repos\cpugiantrotorcpu wrong\giant\x64\release\giant.tlog\cl.write.1.tlog
c:\users\josh\source\repos\cpugiantrotorcpu wrong\giant\x64\release\giant.tlog\link.command.1.tlog
c:\users\josh\source\repos\cpugiantrotorcpu wrong\giant\x64\release\giant.tlog\link.read.1.tlog
c:\users\josh\source\repos\cpugiantrotorcpu wrong\giant\x64\release\giant.tlog\link.secondary.1.tlog
c:\users\josh\source\repos\cpugiantrotorcpu wrong\giant\x64\release\giant.tlog\link.write.1.tlog
